\BOOKMARK [0][-]{chapter.1}{\376\377\000B\000a\000r\000r\000i\000e\000r\000\040\000O\000p\000t\000i\000o\000n\000s}{}% 1
\BOOKMARK [1][-]{section.1.1}{\376\377\000B\000a\000c\000k\000g\000r\000o\000u\000n\000d}{chapter.1}% 2
\BOOKMARK [1][-]{section.1.2}{\376\377\000O\000p\000t\000i\000o\000n\000s\000\040\000P\000a\000y\000o\000f\000f\000s}{chapter.1}% 3
\BOOKMARK [1][-]{section.1.3}{\376\377\000B\000a\000r\000r\000i\000e\000r\000\040\000O\000p\000t\000i\000o\000n\000\040\000P\000a\000y\000o\000f\000f\000s}{chapter.1}% 4
\BOOKMARK [0][-]{chapter.2}{\376\377\000A\000n\000a\000l\000y\000t\000i\000c\000a\000l\000\040\000S\000o\000l\000u\000t\000i\000o\000n\000s\000\040\000f\000o\000r\000\040\000B\000a\000r\000r\000i\000e\000r\000\040\000O\000p\000t\000i\000o\000n\000s}{}% 5
\BOOKMARK [1][-]{section.2.1}{\376\377\000T\000h\000e\000\040\000B\000l\000a\000c\000k\000-\000S\000c\000h\000o\000l\000e\000s\000\040\000M\000o\000d\000e\000l}{chapter.2}% 6
\BOOKMARK [1][-]{section.2.2}{\376\377\000A\000n\000a\000l\000y\000t\000i\000c\000a\000l\000\040\000S\000o\000l\000u\000t\000i\000o\000n\000\040\000t\000o\000\040\000B\000a\000r\000r\000i\000e\000r\000\040\000O\000p\000t\000i\000o\000n\000s}{chapter.2}% 7
\BOOKMARK [1][-]{section.2.3}{\376\377\000I\000n\000-\000O\000u\000t\000\040\000P\000a\000r\000i\000t\000y}{chapter.2}% 8
\BOOKMARK [1][-]{section.2.4}{\376\377\000B\000a\000r\000r\000i\000e\000r\000\040\000O\000p\000t\000i\000o\000n\000\040\000P\000a\000y\000o\000f\000f\000s}{chapter.2}% 9
\BOOKMARK [1][-]{section.2.5}{\376\377\000S\000u\000r\000f\000a\000c\000e\000\040\000o\000f\000\040\000t\000h\000e\000\040\000B\000a\000r\000r\000i\000e\000r\000\040\000O\000p\000t\000i\000o\000n}{chapter.2}% 10
\BOOKMARK [0][-]{chapter.3}{\376\377\000B\000a\000r\000r\000i\000e\000r\000\040\000O\000p\000t\000i\000o\000n\000\040\000P\000r\000i\000c\000i\000n\000g\000\040\000w\000i\000t\000h\000\040\000M\000o\000n\000t\000e\000\040\000C\000a\000r\000l\000o}{}% 11
\BOOKMARK [0][-]{chapter.4}{\376\377\000B\000i\000n\000o\000m\000i\000a\000l\000\040\000T\000r\000e\000e\000\040\000M\000e\000t\000h\000o\000d}{}% 12
\BOOKMARK [1][-]{section.4.1}{\376\377\000B\000i\000n\000o\000m\000i\000a\000l\000\040\000T\000r\000e\000e\000\040\000S\000t\000r\000u\000c\000t\000u\000r\000e}{chapter.4}% 13
\BOOKMARK [1][-]{section.4.2}{\376\377\000E\000x\000a\000m\000p\000l\000e\000\040\000C\000a\000l\000c\000u\000l\000a\000t\000i\000o\000n}{chapter.4}% 14
\BOOKMARK [1][-]{section.4.3}{\376\377\000T\000r\000e\000e\000\040\000C\000o\000n\000s\000t\000r\000u\000c\000t\000i\000o\000n\000\040\000a\000n\000d\000\040\000R\000e\000s\000u\000l\000t\000s}{chapter.4}% 15
\BOOKMARK [0][-]{chapter.5}{\376\377\000T\000h\000e\000\040\000G\000r\000e\000e\000k\000s\000\040\000f\000o\000r\000\040\000B\000a\000r\000r\000i\000e\000r\000\040\000O\000p\000t\000i\000o\000n\000s}{}% 16
\BOOKMARK [1][-]{section.5.1}{\376\377\000D\000e\000l\000t\000a\000\040\000\050\000\051}{chapter.5}% 17
\BOOKMARK [2][-]{subsection.5.1.1}{\376\377\000D\000e\000l\000t\000a\000\040\000H\000e\000d\000g\000i\000n\000g}{section.5.1}% 18
\BOOKMARK [1][-]{section.5.2}{\376\377\000G\000a\000m\000m\000a\000\040\000\050\000\051}{chapter.5}% 19
\BOOKMARK [1][-]{section.5.3}{\376\377\000V\000e\000g\000a\000\040\000\050\000n\000u\000\051}{chapter.5}% 20
\BOOKMARK [1][-]{section.5.4}{\376\377\000T\000h\000e\000t\000a\000\040\000\050\000T\000h\000e\000t\000a\000\051}{chapter.5}% 21
\BOOKMARK [1][-]{section.5.5}{\376\377\000R\000h\000o\000\040\000\050\000\051}{chapter.5}% 22
\BOOKMARK [0][-]{chapter.6}{\376\377\000T\000h\000e\000\040\000G\000r\000e\000e\000k\000s\000\040\000f\000o\000r\000\040\000B\000a\000r\000r\000i\000e\000r\000\040\000O\000p\000t\000i\000o\000n\000s}{}% 23
\BOOKMARK [1][-]{section.6.1}{\376\377\000D\000e\000l\000t\000a\000\040\000\050\000\051}{chapter.6}% 24
\BOOKMARK [2][-]{subsection.6.1.1}{\376\377\000D\000e\000l\000t\000a\000\040\000H\000e\000d\000g\000i\000n\000g}{section.6.1}% 25
\BOOKMARK [1][-]{section.6.2}{\376\377\000G\000a\000m\000m\000a\000\040\000\050\000\051}{chapter.6}% 26
\BOOKMARK [1][-]{section.6.3}{\376\377\000V\000e\000g\000a\000\040\000\050\000\051}{chapter.6}% 27
\BOOKMARK [1][-]{section.6.4}{\376\377\0004\000.\000\040\000T\000h\000e\000t\000a\000\040\000\050\000\051}{chapter.6}% 28
\BOOKMARK [1][-]{section.6.5}{\376\377\000R\000h\000o\000\040\000\050\000\051}{chapter.6}% 29
\BOOKMARK [0][-]{appendix.1.A}{\376\377\000F\000o\000r\000m\000u\000l\000a\000s\000\040\000a\000n\000d\000\040\000P\000r\000o\000o\000f\000s}{}% 30
\BOOKMARK [1][-]{section.1.A.1}{\376\377\000B\000l\000a\000c\000k\000-\000S\000c\000h\000o\000l\000e\000s\000\040\000P\000D\000E\000\040\000f\000o\000r\000\040\000B\000a\000r\000r\000i\000e\000r\000\040\000O\000p\000t\000i\000o\000n\000s}{appendix.1.A}% 31
\BOOKMARK [1][-]{section.1.A.2}{\376\377\000P\000a\000y\000o\000f\000f\000s\000\040\000F\000o\000r\000m\000u\000l\000a\000s\000\040\000f\000o\000r\000\040\000S\000i\000n\000g\000l\000e\000\040\000B\000a\000r\000r\000i\000e\000r\000\040\000O\000p\000t\000i\000o\000n\000s}{appendix.1.A}% 32
